-------------------------------------------------------------------------------
Test set: user.LoginUserTest
-------------------------------------------------------------------------------
Tests run: 3, Failures: 1, Errors: 0, Skipped: 0, Time elapsed: 3.967 s <<< FAILURE! - in user.LoginUserTest
loginUserWithInvalidPasswordTest(user.LoginUserTest)  Time elapsed: 1.307 s  <<< FAILURE!
java.lang.AssertionError: 
1 expectation failed.
Expected status code <401> but was <429>.

	at user.LoginUserTest.loginUserWithInvalidPasswordTest(LoginUserTest.java:60)

